<?xml version="1.0" encoding="UTF-8"?>
<!-- Generated by org.testng.reporters.JUnitReportReporter -->
<testsuite hostname="sys" name="com.testsuite.navbar.Test1" tests="1" failures="0" timestamp="1 Nov 2014 07:18:35 GMT" time="27.843" errors="0">
  <testcase name="Ranker_logo" time="27.843" classname="com.testsuite.navbar.Test1"/>
</testsuite> <!-- com.testsuite.navbar.Test1 -->
