<?xml version="1.0" encoding="UTF-8"?>
<!-- Generated by org.testng.reporters.JUnitReportReporter -->
<testsuite hostname="Kallol" name="com.testsuite.navbar.NavBarTest" tests="3" failures="0" timestamp="2 Nov 2014 15:52:46 GMT" time="31.210" errors="0">
  <testcase name="People_hover" time="7.517" classname="com.testsuite.navbar.NavBarTest"/>
  <testcase name="New_hoverandclick" time="8.792" classname="com.testsuite.navbar.NavBarTest"/>
  <testcase name="Ranker_logo" time="14.901" classname="com.testsuite.navbar.NavBarTest"/>
</testsuite> <!-- com.testsuite.navbar.NavBarTest -->
